<?xml version="1.0" encoding="UTF-8"?>
<!-- Generated by org.testng.reporters.JUnitReportReporter -->
<testsuite hostname="TGL154" failures="0" tests="1" name="com.mobileAutomation.DialerTestCase" time="12.842" errors="0" timestamp="2024-09-04T23:26:08 IST" skipped="0">
  <testcase classname="com.mobileAutomation.DialerTestCase" name="TestPhoneCall" time="12.842"/>
</testsuite> <!-- com.mobileAutomation.DialerTestCase -->
