<?xml version="1.0" encoding="UTF-8"?>
<!-- Generated by org.testng.reporters.JUnitReportReporter -->
<testsuite hostname="TGL154" failures="0" tests="1" name="com.test.BrokenLinks" time="28.576" errors="0" timestamp="2024-07-30T20:35:42 IST" skipped="0">
  <testcase classname="com.test.BrokenLinks" name="test" time="28.576"/>
</testsuite> <!-- com.test.BrokenLinks -->
