<?xml version="1.0" encoding="UTF-8"?>
<!-- Generated by org.testng.reporters.JUnitReportReporter -->
<testsuite hostname="TGL154" failures="0" tests="3" name="com.test.FirstTestNgClass" time="0.018" errors="0" timestamp="2024-07-23T10:02:45 IST" skipped="0">
  <testcase classname="com.test.FirstTestNgClass" name="testing" time="0.011"/>
  <testcase classname="com.test.FirstTestNgClass" name="testing1" time="0.003"/>
  <testcase classname="com.test.FirstTestNgClass" name="testing2" time="0.004"/>
</testsuite> <!-- com.test.FirstTestNgClass -->
