<?xml version="1.0" encoding="UTF-8"?>
<!-- Generated by org.testng.reporters.JUnitReportReporter -->
<testsuite hostname="TGL154" failures="0" tests="1" name="com.mobileAutomation.TouchActions" time="9.880" errors="0" timestamp="2024-09-10T15:46:40 IST" skipped="0">
  <testcase classname="com.mobileAutomation.TouchActions" name="ZoomTest" time="9.880"/>
</testsuite> <!-- com.mobileAutomation.TouchActions -->
