<?xml version="1.0" encoding="UTF-8"?>
<!-- Generated by org.testng.reporters.JUnitReportReporter -->
<testsuite hostname="TGL154" failures="0" tests="1" name="com.mobileAutomation.CalculatorTest" time="13.323" errors="0" timestamp="2024-09-04T23:09:24 IST" skipped="0">
  <testcase classname="com.mobileAutomation.CalculatorTest" name="testAddition" time="13.323"/>
</testsuite> <!-- com.mobileAutomation.CalculatorTest -->
