<?xml version="1.0" encoding="UTF-8"?>
<!-- Generated by org.testng.reporters.JUnitReportReporter -->
<testsuite hostname="TGL154" failures="0" tests="6" name="com.mobileAutomation.FirstTestCase" time="94.157" errors="0" timestamp="2024-09-10T11:15:44 IST" skipped="0">
  <testcase classname="com.mobileAutomation.FirstTestCase" name="testLogin" time="29.691"/>
  <testcase classname="com.mobileAutomation.FirstTestCase" name="testAddLatsProductToCart" time="22.009"/>
  <testcase classname="com.mobileAutomation.FirstTestCase" name="checkOut" time="7.603"/>
  <testcase classname="com.mobileAutomation.FirstTestCase" name="enterUserDetails" time="9.996"/>
  <testcase classname="com.mobileAutomation.FirstTestCase" name="orderOverView" time="11.574"/>
  <testcase classname="com.mobileAutomation.FirstTestCase" name="VerifyOrder" time="13.284"/>
</testsuite> <!-- com.mobileAutomation.FirstTestCase -->
