<?xml version="1.0" encoding="UTF-8"?>
<!-- Generated by org.testng.reporters.JUnitReportReporter -->
<testsuite hostname="TGL154" failures="0" tests="2" name="com.restAssured.ThirdHttp_BasicValidations" time="2.930" errors="0" timestamp="2024-08-01T19:35:47 IST" skipped="0">
  <testcase classname="com.restAssured.ThirdHttp_BasicValidations" name="verifyTestStatusCode" time="2.651"/>
  <testcase classname="com.restAssured.ThirdHttp_BasicValidations" name="logResponse" time="0.279"/>
</testsuite> <!-- com.restAssured.ThirdHttp_BasicValidations -->
