<?xml version="1.0" encoding="UTF-8"?>
<!-- Generated by org.testng.reporters.JUnitReportReporter -->
<testsuite hostname="TGL154" failures="0" tests="1" name="com.test.SecondTestCase" time="14.738" errors="0" timestamp="2024-09-26T17:42:54 IST" skipped="0">
  <testcase classname="com.test.SecondTestCase" name="Test" time="14.738"/>
</testsuite> <!-- com.test.SecondTestCase -->
