<?xml version="1.0" encoding="UTF-8"?>
<!-- Generated by org.testng.reporters.JUnitReportReporter -->
<testsuite hostname="TGL154" failures="0" tests="1" name="com.test.WindowsHandling" time="26.544" errors="0" timestamp="2024-09-26T10:10:15 IST" skipped="0">
  <testcase classname="com.test.WindowsHandling" name="test" time="26.544"/>
</testsuite> <!-- com.test.WindowsHandling -->
