<?xml version="1.0" encoding="UTF-8"?>
<!-- Generated by org.testng.reporters.JUnitReportReporter -->
<testsuite hostname="TGL154" failures="0" tests="1" name="com.test.GoogleTest" time="17.419" errors="0" timestamp="2024-07-30T15:54:14 IST" skipped="0">
  <testcase classname="com.test.GoogleTest" name="googleLogoTest" time="17.419"/>
</testsuite> <!-- com.test.GoogleTest -->
