<?xml version="1.0" encoding="UTF-8"?>
<!-- Generated by org.testng.reporters.JUnitReportReporter -->
<testsuite hostname="TGL154" failures="0" tests="1" name="com.restAssured.SecondHttp" time="3.700" errors="0" timestamp="2024-08-01T19:11:27 IST" skipped="0">
  <testcase classname="com.restAssured.SecondHttp" name="getAllEmployees" time="3.700"/>
</testsuite> <!-- com.restAssured.SecondHttp -->
