<?xml version="1.0" encoding="UTF-8"?>
<!-- Generated by org.testng.reporters.JUnitReportReporter -->
<testsuite hostname="TGL154" failures="0" tests="4" name="com.restAssured.FIrstHttp" time="6.162" errors="0" timestamp="2024-08-01T14:43:44 IST" skipped="0">
  <testcase classname="com.restAssured.FIrstHttp" name="getUser" time="4.203"/>
  <testcase classname="com.restAssured.FIrstHttp" name="createUser" time="1.068"/>
  <testcase classname="com.restAssured.FIrstHttp" name="updateUser" time="0.430"/>
  <testcase classname="com.restAssured.FIrstHttp" name="deleteUser" time="0.461"/>
</testsuite> <!-- com.restAssured.FIrstHttp -->
