<?xml version="1.0" encoding="UTF-8"?>
<!-- Generated by org.testng.reporters.JUnitReportReporter -->
<testsuite hostname="TGL154" failures="0" tests="1" name="com.test.ActionClass" time="16.084" errors="0" timestamp="2024-07-31T16:05:37 IST" skipped="0">
  <testcase classname="com.test.ActionClass" name="test" time="16.084"/>
</testsuite> <!-- com.test.ActionClass -->
