<?xml version="1.0" encoding="UTF-8"?>
<!-- Generated by org.testng.reporters.JUnitReportReporter -->
<testsuite hostname="TGL154" failures="0" tests="3" name="com.test.AnnotationTest" time="0.012" errors="0" timestamp="2024-07-23T14:59:51 IST" skipped="0">
  <testcase classname="com.test.AnnotationTest" name="testing" time="0.007"/>
  <testcase classname="com.test.AnnotationTest" name="testing1" time="0.003"/>
  <testcase classname="com.test.AnnotationTest" name="testing2" time="0.002"/>
</testsuite> <!-- com.test.AnnotationTest -->
