<?xml version="1.0" encoding="UTF-8"?>
<!-- Generated by org.testng.reporters.JUnitReportReporter -->
<testsuite hostname="TGL154" failures="0" tests="6" name="com.test.GroupsTest" time="0.003" errors="0" timestamp="2024-09-26T07:46:32 IST" skipped="0">
  <testcase classname="com.test.GroupsTest" name="testing1" time="0.000"/>
  <testcase classname="com.test.GroupsTest" name="testing6" time="0.001"/>
  <testcase classname="com.test.GroupsTest" name="testing2" time="0.001"/>
  <testcase classname="com.test.GroupsTest" name="testing5" time="0.001"/>
  <testcase classname="com.test.GroupsTest" name="testing" time="0.000"/>
  <testcase classname="com.test.GroupsTest" name="testing4" time="0.000"/>
</testsuite> <!-- com.test.GroupsTest -->
