<?xml version="1.0" encoding="UTF-8"?>
<!-- Generated by org.testng.reporters.JUnitReportReporter -->
<testsuite hostname="TGL154" failures="0" tests="1" name="com.test.ThirdTestCase" time="50.308" errors="0" timestamp="2024-09-26T20:52:29 IST" skipped="0">
  <testcase classname="com.test.ThirdTestCase" name="Test" time="50.308"/>
</testsuite> <!-- com.test.ThirdTestCase -->
