<?xml version="1.0" encoding="UTF-8"?>
<!-- Generated by org.testng.reporters.JUnitReportReporter -->
<testsuite hostname="TGL154" failures="0" tests="1" name="com.test.FourthTeastCase" time="13.583" errors="0" timestamp="2024-09-26T20:52:29 IST" skipped="0">
  <testcase classname="com.test.FourthTeastCase" name="Test" time="13.583"/>
</testsuite> <!-- com.test.FourthTeastCase -->
