<?xml version="1.0" encoding="UTF-8"?>
<!-- Generated by org.testng.reporters.JUnitReportReporter -->
<testsuite hostname="TGL154" failures="0" tests="1" name="com.test.GoogleTest" time="21.138" errors="0" timestamp="2024-09-26T07:46:32 IST" skipped="0">
  <testcase classname="com.test.GoogleTest" name="googleLogoTest" time="21.138"/>
</testsuite> <!-- com.test.GoogleTest -->
