<?xml version="1.0" encoding="UTF-8"?>
<!-- Generated by org.testng.reporters.JUnitReportReporter -->
<testsuite hostname="TGL154" failures="0" tests="3" name="com.test.AnnotationTest" time="0.006" errors="0" timestamp="2024-09-26T07:46:32 IST" skipped="0">
  <testcase classname="com.test.AnnotationTest" name="testing" time="0.002"/>
  <testcase classname="com.test.AnnotationTest" name="testing1" time="0.001"/>
  <testcase classname="com.test.AnnotationTest" name="testing2" time="0.003"/>
</testsuite> <!-- com.test.AnnotationTest -->
