<?xml version="1.0" encoding="UTF-8"?>
<!-- Generated by org.testng.reporters.JUnitReportReporter -->
<testsuite hostname="TGL154" failures="0" tests="1" name="com.test.FifthTestCase" time="17.259" errors="0" timestamp="2024-09-26T17:49:06 IST" skipped="0">
  <testcase classname="com.test.FifthTestCase" name="Test" time="17.259"/>
</testsuite> <!-- com.test.FifthTestCase -->
